2014.10.22 16:51:18.771 MDT INFO: *** SYSTEM START ***
2014.10.22 16:51:48.085 MDT INFO: *** SYSTEM START ***
2014.10.22 16:52:05.113 MDT SEVERE: Unable to load project from: file:/home/user/Documents/NLP/opendmap_1-1-1/data/test/test-configuration-files/language/generif_doesnotexist.pprj -- Project.getProjectInstancesReader()
2014.10.22 16:52:26.125 MDT INFO: *** SYSTEM START ***
2014.10.22 16:53:03.002 MDT INFO: *** SYSTEM START ***
2014.10.22 16:53:31.973 MDT INFO: *** SYSTEM START ***
2014.10.22 16:53:57.293 MDT INFO: *** SYSTEM START ***
2014.11.21 12:10:07.672 MST INFO: *** SYSTEM START ***
2014.11.21 12:10:43.427 MST INFO: *** SYSTEM START ***
2014.11.21 12:11:04.792 MST SEVERE: Unable to load project from: file:/home/user/Documents/NLP/opendmap_1-1-1/data/test/test-configuration-files/language/generif_doesnotexist.pprj -- Project.getProjectInstancesReader()
2014.11.21 12:11:25.110 MST INFO: *** SYSTEM START ***
2014.11.21 12:11:36.222 MST INFO: *** SYSTEM START ***
2014.11.21 12:11:56.777 MST INFO: *** SYSTEM START ***
2014.11.21 12:12:23.639 MST INFO: *** SYSTEM START ***
2014.12.01 12:28:09.051 MST INFO: *** SYSTEM START ***
2014.12.01 12:28:34.573 MST INFO: *** SYSTEM START ***
2014.12.01 12:28:52.428 MST SEVERE: Unable to load project from: file:/home/user/Documents/NLP/opendmap_1-1-1/data/test/test-configuration-files/language/generif_doesnotexist.pprj -- Project.getProjectInstancesReader()
2014.12.01 12:29:12.017 MST INFO: *** SYSTEM START ***
2014.12.01 12:29:45.731 MST INFO: *** SYSTEM START ***
2014.12.01 12:30:12.312 MST INFO: *** SYSTEM START ***
2014.12.01 12:30:32.324 MST INFO: *** SYSTEM START ***
2014.12.01 12:38:45.750 MST INFO: *** SYSTEM START ***
2014.12.01 12:39:11.459 MST INFO: *** SYSTEM START ***
2014.12.01 12:39:25.855 MST SEVERE: Unable to load project from: file:/home/user/Documents/NLP/opendmap_1-1-1/data/test/test-configuration-files/language/generif_doesnotexist.pprj -- Project.getProjectInstancesReader()
2014.12.01 12:39:44.428 MST INFO: *** SYSTEM START ***
2014.12.01 12:40:00.251 MST INFO: *** SYSTEM START ***
2014.12.01 12:40:08.149 MST INFO: *** SYSTEM START ***
2014.12.01 12:40:24.005 MST INFO: *** SYSTEM START ***
2014.12.01 12:51:51.558 MST INFO: *** SYSTEM START ***
2014.12.01 12:52:18.617 MST INFO: *** SYSTEM START ***
2014.12.01 12:52:33.092 MST SEVERE: Unable to load project from: file:/home/user/Documents/NLP/opendmap_1-1-1/data/test/test-configuration-files/language/generif_doesnotexist.pprj -- Project.getProjectInstancesReader()
2014.12.01 12:52:52.029 MST INFO: *** SYSTEM START ***
2014.12.01 12:53:24.260 MST INFO: *** SYSTEM START ***
2014.12.01 12:53:50.970 MST INFO: *** SYSTEM START ***
2014.12.01 12:54:10.676 MST INFO: *** SYSTEM START ***
2014.12.01 12:57:37.585 MST INFO: *** SYSTEM START ***
2014.12.01 12:58:04.719 MST INFO: *** SYSTEM START ***
2014.12.01 12:58:19.242 MST SEVERE: Unable to load project from: file:/home/user/Documents/NLP/opendmap_1-1-1/data/test/test-configuration-files/language/generif_doesnotexist.pprj -- Project.getProjectInstancesReader()
2014.12.01 12:58:38.629 MST INFO: *** SYSTEM START ***
2014.12.01 12:59:12.373 MST INFO: *** SYSTEM START ***
2014.12.01 12:59:38.481 MST INFO: *** SYSTEM START ***
2014.12.01 12:59:58.012 MST INFO: *** SYSTEM START ***
2014.12.02 17:56:03.754 MST INFO: *** SYSTEM START ***
2014.12.02 17:56:36.877 MST INFO: *** SYSTEM START ***
2014.12.02 17:56:54.979 MST SEVERE: Unable to load project from: file:/home/user/Documents/NLP/opendmap_1-1-1/data/test/test-configuration-files/language/generif_doesnotexist.pprj -- Project.getProjectInstancesReader()
2014.12.02 17:57:18.146 MST INFO: *** SYSTEM START ***
2014.12.02 17:57:59.066 MST INFO: *** SYSTEM START ***
2014.12.02 17:58:31.199 MST INFO: *** SYSTEM START ***
2014.12.02 17:58:55.602 MST INFO: *** SYSTEM START ***
2014.12.02 18:55:17.668 MST INFO: *** SYSTEM START ***
2014.12.02 18:55:51.033 MST INFO: *** SYSTEM START ***
2014.12.02 18:56:11.527 MST SEVERE: Unable to load project from: file:/home/user/Documents/NLP/opendmap_1-1-1/data/test/test-configuration-files/language/generif_doesnotexist.pprj -- Project.getProjectInstancesReader()
2014.12.02 18:56:35.753 MST INFO: *** SYSTEM START ***
2014.12.02 18:57:18.784 MST INFO: *** SYSTEM START ***
2014.12.02 18:57:51.653 MST INFO: *** SYSTEM START ***
2014.12.02 18:58:17.077 MST INFO: *** SYSTEM START ***
2014.12.04 14:57:55.303 MST INFO: *** SYSTEM START ***
2014.12.04 14:58:35.419 MST INFO: *** SYSTEM START ***
2014.12.04 14:58:51.651 MST SEVERE: Unable to load project from: file:/home/user/Documents/NLP/opendmap_1-1-1/data/test/test-configuration-files/language/generif_doesnotexist.pprj -- Project.getProjectInstancesReader()
2014.12.04 14:58:58.432 MST INFO: *** SYSTEM START ***
2014.12.04 14:59:11.944 MST INFO: *** SYSTEM START ***
2014.12.04 14:59:21.237 MST INFO: *** SYSTEM START ***
2014.12.04 14:59:28.323 MST INFO: *** SYSTEM START ***
2014.12.04 15:10:51.406 MST INFO: *** SYSTEM START ***
2014.12.04 15:11:39.592 MST INFO: *** SYSTEM START ***
2014.12.04 15:12:04.554 MST SEVERE: Unable to load project from: file:/home/user/Documents/NLP/opendmap_1-1-1/data/test/test-configuration-files/language/generif_doesnotexist.pprj -- Project.getProjectInstancesReader()
2014.12.04 15:12:31.575 MST INFO: *** SYSTEM START ***
2014.12.04 15:12:50.518 MST INFO: *** SYSTEM START ***
2014.12.04 15:12:59.750 MST INFO: *** SYSTEM START ***
2014.12.04 15:13:06.503 MST INFO: *** SYSTEM START ***
2014.12.04 15:19:41.421 MST INFO: *** SYSTEM START ***
2014.12.04 15:20:16.003 MST INFO: *** SYSTEM START ***
2014.12.04 15:20:36.387 MST SEVERE: Unable to load project from: file:/home/user/Documents/NLP/opendmap_1-1-1/data/test/test-configuration-files/language/generif_doesnotexist.pprj -- Project.getProjectInstancesReader()
2014.12.04 15:21:02.137 MST INFO: *** SYSTEM START ***
2014.12.04 15:21:46.841 MST INFO: *** SYSTEM START ***
2014.12.04 15:22:06.972 MST INFO: *** SYSTEM START ***
2014.12.04 15:22:13.787 MST INFO: *** SYSTEM START ***
2014.12.04 15:26:27.853 MST INFO: *** SYSTEM START ***
2014.12.04 15:27:04.489 MST INFO: *** SYSTEM START ***
2014.12.04 15:27:25.280 MST SEVERE: Unable to load project from: file:/home/user/Documents/NLP/opendmap_1-1-1/data/test/test-configuration-files/language/generif_doesnotexist.pprj -- Project.getProjectInstancesReader()
2014.12.04 15:27:38.866 MST INFO: *** SYSTEM START ***
2014.12.04 15:27:51.519 MST INFO: *** SYSTEM START ***
2014.12.04 15:28:18.431 MST INFO: *** SYSTEM START ***
2014.12.04 15:28:26.186 MST INFO: *** SYSTEM START ***
2014.12.04 15:39:30.124 MST INFO: *** SYSTEM START ***
2014.12.04 15:39:40.558 MST INFO: *** SYSTEM START ***
2014.12.04 15:39:45.907 MST SEVERE: Unable to load project from: file:/home/user/Documents/NLP/opendmap_1-1-1/data/test/test-configuration-files/language/generif_doesnotexist.pprj -- Project.getProjectInstancesReader()
2014.12.04 15:39:52.764 MST INFO: *** SYSTEM START ***
2014.12.04 15:40:04.947 MST INFO: *** SYSTEM START ***
2014.12.04 15:40:14.433 MST INFO: *** SYSTEM START ***
2014.12.04 15:40:28.473 MST INFO: *** SYSTEM START ***
2014.12.04 16:00:02.193 MST INFO: *** SYSTEM START ***
2014.12.04 16:00:36.200 MST INFO: *** SYSTEM START ***
2014.12.04 16:00:56.006 MST SEVERE: Unable to load project from: file:/home/user/Documents/NLP/opendmap_1-1-1/data/test/test-configuration-files/language/generif_doesnotexist.pprj -- Project.getProjectInstancesReader()
2014.12.04 16:01:20.707 MST INFO: *** SYSTEM START ***
2014.12.04 16:02:03.690 MST INFO: *** SYSTEM START ***
2014.12.04 16:02:37.125 MST INFO: *** SYSTEM START ***
2014.12.04 16:03:01.950 MST INFO: *** SYSTEM START ***
2014.12.04 16:08:37.155 MST INFO: *** SYSTEM START ***
2014.12.04 16:08:48.963 MST INFO: *** SYSTEM START ***
2014.12.04 16:08:54.351 MST SEVERE: Unable to load project from: file:/home/user/Documents/NLP/opendmap_1-1-1/data/test/test-configuration-files/language/generif_doesnotexist.pprj -- Project.getProjectInstancesReader()
2014.12.04 16:09:01.456 MST INFO: *** SYSTEM START ***
2014.12.04 16:09:16.168 MST INFO: *** SYSTEM START ***
2014.12.04 16:09:25.154 MST INFO: *** SYSTEM START ***
2014.12.04 16:09:34.093 MST INFO: *** SYSTEM START ***
2014.12.04 16:25:22.115 MST INFO: *** SYSTEM START ***
2014.12.04 16:25:56.199 MST INFO: *** SYSTEM START ***
2014.12.04 16:26:15.979 MST SEVERE: Unable to load project from: file:/home/user/Documents/NLP/opendmap_1-1-1/data/test/test-configuration-files/language/generif_doesnotexist.pprj -- Project.getProjectInstancesReader()
2014.12.04 16:26:40.223 MST INFO: *** SYSTEM START ***
2014.12.04 16:27:23.155 MST INFO: *** SYSTEM START ***
2014.12.04 16:27:56.316 MST INFO: *** SYSTEM START ***
2014.12.04 16:28:21.620 MST INFO: *** SYSTEM START ***
2014.12.05 11:47:23.996 MST INFO: *** SYSTEM START ***
2014.12.05 11:47:55.687 MST INFO: *** SYSTEM START ***
2014.12.05 11:48:18.245 MST SEVERE: Unable to load project from: file:/home/user/Documents/NLP/opendmap_1-1-1/data/test/test-configuration-files/language/generif_doesnotexist.pprj -- Project.getProjectInstancesReader()
2014.12.05 11:48:36.952 MST INFO: *** SYSTEM START ***
2014.12.05 11:49:17.787 MST INFO: *** SYSTEM START ***
2014.12.05 11:49:50.170 MST INFO: *** SYSTEM START ***
2014.12.05 11:50:14.589 MST INFO: *** SYSTEM START ***
2014.12.05 12:01:58.017 MST INFO: *** SYSTEM START ***
2014.12.05 12:02:36.727 MST INFO: *** SYSTEM START ***
2014.12.05 12:03:00.173 MST SEVERE: Unable to load project from: file:/home/user/Documents/NLP/opendmap_1-1-1/data/test/test-configuration-files/language/generif_doesnotexist.pprj -- Project.getProjectInstancesReader()
2014.12.05 12:03:27.118 MST INFO: *** SYSTEM START ***
2014.12.05 12:04:15.001 MST INFO: *** SYSTEM START ***
2014.12.05 12:04:51.566 MST INFO: *** SYSTEM START ***
2014.12.05 12:05:19.349 MST INFO: *** SYSTEM START ***
2014.12.05 12:13:32.145 MST INFO: *** SYSTEM START ***
2014.12.05 12:14:05.431 MST INFO: *** SYSTEM START ***
2014.12.05 12:14:27.679 MST SEVERE: Unable to load project from: file:/home/user/Documents/NLP/opendmap_1-1-1/data/test/test-configuration-files/language/generif_doesnotexist.pprj -- Project.getProjectInstancesReader()
2014.12.05 12:14:45.972 MST INFO: *** SYSTEM START ***
2014.12.05 12:15:27.144 MST INFO: *** SYSTEM START ***
2014.12.05 12:15:59.024 MST INFO: *** SYSTEM START ***
2014.12.05 12:16:23.690 MST INFO: *** SYSTEM START ***
2014.12.09 14:27:37.521 MST INFO: *** SYSTEM START ***
2014.12.09 14:28:19.597 MST INFO: *** SYSTEM START ***
2014.12.09 14:28:47.011 MST SEVERE: Unable to load project from: file:/home/user/Documents/NLP/opendmap_1-1-1/data/test/test-configuration-files/language/generif_doesnotexist.pprj -- Project.getProjectInstancesReader()
2014.12.09 14:29:09.610 MST INFO: *** SYSTEM START ***
2014.12.09 14:30:01.708 MST INFO: *** SYSTEM START ***
2014.12.09 14:30:42.263 MST INFO: *** SYSTEM START ***
2014.12.09 14:31:13.193 MST INFO: *** SYSTEM START ***
2014.12.09 15:00:18.331 MST INFO: *** SYSTEM START ***
2014.12.09 15:00:50.620 MST INFO: *** SYSTEM START ***
2014.12.09 15:00:56.416 MST SEVERE: Unable to load project from: file:/home/user/Documents/NLP/opendmap_1-1-1/data/test/test-configuration-files/language/generif_doesnotexist.pprj -- Project.getProjectInstancesReader()
2014.12.09 15:01:02.724 MST INFO: *** SYSTEM START ***
2014.12.09 15:01:13.978 MST INFO: *** SYSTEM START ***
2014.12.09 15:01:23.615 MST INFO: *** SYSTEM START ***
2014.12.09 15:01:31.190 MST INFO: *** SYSTEM START ***
2014.12.09 15:05:02.232 MST INFO: *** SYSTEM START ***
2014.12.09 15:05:12.268 MST INFO: *** SYSTEM START ***
2014.12.09 15:05:17.441 MST SEVERE: Unable to load project from: file:/home/user/Documents/NLP/opendmap_1-1-1/data/test/test-configuration-files/language/generif_doesnotexist.pprj -- Project.getProjectInstancesReader()
2014.12.09 15:05:24.048 MST INFO: *** SYSTEM START ***
2014.12.09 15:06:17.542 MST INFO: *** SYSTEM START ***
2014.12.09 15:07:01.414 MST INFO: *** SYSTEM START ***
2014.12.09 15:07:35.243 MST INFO: *** SYSTEM START ***
2014.12.09 15:22:36.490 MST INFO: *** SYSTEM START ***
2014.12.09 15:23:26.167 MST INFO: *** SYSTEM START ***
2014.12.09 15:23:53.593 MST SEVERE: Unable to load project from: file:/home/user/Documents/NLP/opendmap_1-1-1/data/test/test-configuration-files/language/generif_doesnotexist.pprj -- Project.getProjectInstancesReader()
2014.12.09 15:24:27.997 MST INFO: *** SYSTEM START ***
2014.12.09 15:25:28.470 MST INFO: *** SYSTEM START ***
2014.12.09 15:26:16.669 MST INFO: *** SYSTEM START ***
2014.12.09 15:26:53.838 MST INFO: *** SYSTEM START ***
2014.12.09 15:32:27.376 MST INFO: *** SYSTEM START ***
2014.12.09 15:33:18.714 MST INFO: *** SYSTEM START ***
2014.12.09 15:33:45.985 MST SEVERE: Unable to load project from: file:/home/user/Documents/NLP/opendmap_1-1-1/data/test/test-configuration-files/language/generif_doesnotexist.pprj -- Project.getProjectInstancesReader()
2014.12.09 15:34:22.317 MST INFO: *** SYSTEM START ***
2014.12.09 15:35:24.674 MST INFO: *** SYSTEM START ***
2014.12.09 15:36:12.519 MST INFO: *** SYSTEM START ***
2014.12.09 15:36:49.477 MST INFO: *** SYSTEM START ***
2014.12.09 15:40:28.301 MST INFO: *** SYSTEM START ***
2014.12.09 15:41:18.472 MST INFO: *** SYSTEM START ***
2014.12.09 15:41:47.105 MST SEVERE: Unable to load project from: file:/home/user/Documents/NLP/opendmap_1-1-1/data/test/test-configuration-files/language/generif_doesnotexist.pprj -- Project.getProjectInstancesReader()
2014.12.09 15:42:22.575 MST INFO: *** SYSTEM START ***
2014.12.09 15:43:27.084 MST INFO: *** SYSTEM START ***
2014.12.09 15:44:16.627 MST INFO: *** SYSTEM START ***
2014.12.09 15:44:53.614 MST INFO: *** SYSTEM START ***
2014.12.09 15:48:42.646 MST INFO: *** SYSTEM START ***
2014.12.09 15:49:30.180 MST INFO: *** SYSTEM START ***
2014.12.09 15:49:59.618 MST SEVERE: Unable to load project from: file:/home/user/Documents/NLP/opendmap_1-1-1/data/test/test-configuration-files/language/generif_doesnotexist.pprj -- Project.getProjectInstancesReader()
2014.12.09 15:50:36.017 MST INFO: *** SYSTEM START ***
2014.12.09 15:51:39.133 MST INFO: *** SYSTEM START ***
2014.12.09 15:52:28.376 MST INFO: *** SYSTEM START ***
2014.12.09 15:53:07.623 MST INFO: *** SYSTEM START ***
2014.12.09 15:59:40.861 MST INFO: *** SYSTEM START ***
2014.12.09 16:00:30.089 MST INFO: *** SYSTEM START ***
2014.12.09 16:00:58.913 MST SEVERE: Unable to load project from: file:/home/user/Documents/NLP/opendmap_1-1-1/data/test/test-configuration-files/language/generif_doesnotexist.pprj -- Project.getProjectInstancesReader()
2014.12.09 16:01:28.656 MST INFO: *** SYSTEM START ***
2014.12.09 16:02:22.931 MST INFO: *** SYSTEM START ***
2014.12.09 16:03:06.602 MST INFO: *** SYSTEM START ***
2014.12.09 16:03:38.783 MST INFO: *** SYSTEM START ***
2014.12.09 16:16:37.127 MST INFO: *** SYSTEM START ***
2014.12.09 16:17:17.867 MST INFO: *** SYSTEM START ***
2014.12.09 16:17:40.584 MST SEVERE: Unable to load project from: file:/home/user/Documents/NLP/opendmap_1-1-1/data/test/test-configuration-files/language/generif_doesnotexist.pprj -- Project.getProjectInstancesReader()
2014.12.09 16:18:11.681 MST INFO: *** SYSTEM START ***
2014.12.09 16:19:05.054 MST INFO: *** SYSTEM START ***
2014.12.09 16:19:46.419 MST INFO: *** SYSTEM START ***
2014.12.09 16:20:17.745 MST INFO: *** SYSTEM START ***
2014.12.10 18:23:20.954 MST INFO: *** SYSTEM START ***
2014.12.10 18:24:07.420 MST INFO: *** SYSTEM START ***
2014.12.10 18:24:38.211 MST SEVERE: Unable to load project from: file:/home/user/Documents/NLP/opendmap_1-1-1/data/test/test-configuration-files/language/generif_doesnotexist.pprj -- Project.getProjectInstancesReader()
2014.12.10 18:25:02.267 MST INFO: *** SYSTEM START ***
2014.12.10 18:25:56.345 MST INFO: *** SYSTEM START ***
2014.12.10 18:26:42.296 MST INFO: *** SYSTEM START ***
2014.12.10 18:27:22.536 MST INFO: *** SYSTEM START ***
2014.12.10 18:34:30.642 MST INFO: *** SYSTEM START ***
2014.12.10 18:35:25.192 MST INFO: *** SYSTEM START ***
2014.12.10 18:35:56.658 MST SEVERE: Unable to load project from: file:/home/user/Documents/NLP/opendmap_1-1-1/data/test/test-configuration-files/language/generif_doesnotexist.pprj -- Project.getProjectInstancesReader()
2014.12.10 18:36:34.712 MST INFO: *** SYSTEM START ***
2014.12.10 18:37:39.575 MST INFO: *** SYSTEM START ***
2014.12.10 18:38:32.298 MST INFO: *** SYSTEM START ***
2014.12.10 18:39:12.507 MST INFO: *** SYSTEM START ***
2014.12.10 18:46:55.508 MST INFO: *** SYSTEM START ***
2014.12.10 18:47:48.290 MST INFO: *** SYSTEM START ***
2014.12.10 18:48:23.187 MST SEVERE: Unable to load project from: file:/home/user/Documents/NLP/opendmap_1-1-1/data/test/test-configuration-files/language/generif_doesnotexist.pprj -- Project.getProjectInstancesReader()
2014.12.10 18:48:46.096 MST INFO: *** SYSTEM START ***
2014.12.10 18:49:40.151 MST INFO: *** SYSTEM START ***
2014.12.10 18:50:29.498 MST INFO: *** SYSTEM START ***
2014.12.10 18:51:09.635 MST INFO: *** SYSTEM START ***
2014.12.10 19:05:01.407 MST INFO: *** SYSTEM START ***
2014.12.10 19:05:56.869 MST INFO: *** SYSTEM START ***
2014.12.10 19:06:27.168 MST SEVERE: Unable to load project from: file:/home/user/Documents/NLP/opendmap_1-1-1/data/test/test-configuration-files/language/generif_doesnotexist.pprj -- Project.getProjectInstancesReader()
2014.12.10 19:06:50.135 MST INFO: *** SYSTEM START ***
2014.12.10 19:07:40.278 MST INFO: *** SYSTEM START ***
2014.12.10 19:08:19.390 MST INFO: *** SYSTEM START ***
2014.12.10 19:08:48.277 MST INFO: *** SYSTEM START ***
2014.12.10 19:24:42.658 MST INFO: *** SYSTEM START ***
2014.12.10 19:26:22.132 MST INFO: *** SYSTEM START ***
2014.12.10 19:27:11.118 MST INFO: *** SYSTEM START ***
2014.12.10 19:27:36.106 MST SEVERE: Unable to load project from: file:/home/user/Documents/NLP/opendmap_1-1-1/data/test/test-configuration-files/language/generif_doesnotexist.pprj -- Project.getProjectInstancesReader()
2014.12.10 19:28:09.499 MST INFO: *** SYSTEM START ***
2014.12.10 19:29:08.440 MST INFO: *** SYSTEM START ***
2014.12.10 19:29:54.113 MST INFO: *** SYSTEM START ***
2014.12.10 19:30:28.672 MST INFO: *** SYSTEM START ***
2014.12.10 19:36:34.267 MST INFO: *** SYSTEM START ***
2014.12.10 19:37:20.763 MST INFO: *** SYSTEM START ***
2014.12.10 19:37:46.557 MST SEVERE: Unable to load project from: file:/home/user/Documents/NLP/opendmap_1-1-1/data/test/test-configuration-files/language/generif_doesnotexist.pprj -- Project.getProjectInstancesReader()
2014.12.10 19:38:18.397 MST INFO: *** SYSTEM START ***
2014.12.10 19:39:17.488 MST INFO: *** SYSTEM START ***
2014.12.10 19:40:04.889 MST INFO: *** SYSTEM START ***
2014.12.10 19:40:39.089 MST INFO: *** SYSTEM START ***
2014.12.10 19:46:11.895 MST INFO: *** SYSTEM START ***
2014.12.10 19:48:09.863 MST INFO: *** SYSTEM START ***
2014.12.10 19:48:53.778 MST INFO: *** SYSTEM START ***
2014.12.10 19:49:20.142 MST SEVERE: Unable to load project from: file:/home/user/Documents/NLP/opendmap_1-1-1/data/test/test-configuration-files/language/generif_doesnotexist.pprj -- Project.getProjectInstancesReader()
2014.12.10 19:49:53.103 MST INFO: *** SYSTEM START ***
2014.12.10 19:50:50.591 MST INFO: *** SYSTEM START ***
2014.12.10 19:51:53.445 MST INFO: *** SYSTEM START ***
2014.12.10 19:53:55.146 MST INFO: *** SYSTEM START ***
2014.12.10 19:54:39.175 MST INFO: *** SYSTEM START ***
2014.12.10 19:55:09.530 MST SEVERE: Unable to load project from: file:/home/user/Documents/NLP/opendmap_1-1-1/data/test/test-configuration-files/language/generif_doesnotexist.pprj -- Project.getProjectInstancesReader()
2014.12.10 19:55:35.554 MST INFO: *** SYSTEM START ***
2014.12.10 19:56:32.718 MST INFO: *** SYSTEM START ***
2014.12.10 19:57:21.108 MST INFO: *** SYSTEM START ***
2014.12.10 19:57:54.823 MST INFO: *** SYSTEM START ***
2014.12.10 20:05:17.719 MST INFO: *** SYSTEM START ***
2014.12.10 20:06:08.721 MST INFO: *** SYSTEM START ***
2014.12.10 20:06:36.791 MST SEVERE: Unable to load project from: file:/home/user/Documents/NLP/opendmap_1-1-1/data/test/test-configuration-files/language/generif_doesnotexist.pprj -- Project.getProjectInstancesReader()
2014.12.10 20:07:14.259 MST INFO: *** SYSTEM START ***
2014.12.10 20:08:19.099 MST INFO: *** SYSTEM START ***
2014.12.10 20:09:10.878 MST INFO: *** SYSTEM START ***
2014.12.10 20:09:50.413 MST INFO: *** SYSTEM START ***
2014.12.10 20:13:02.274 MST INFO: *** SYSTEM START ***
2014.12.10 20:13:49.451 MST INFO: *** SYSTEM START ***
2014.12.10 20:14:12.541 MST SEVERE: Unable to load project from: file:/home/user/Documents/NLP/opendmap_1-1-1/data/test/test-configuration-files/language/generif_doesnotexist.pprj -- Project.getProjectInstancesReader()
2014.12.10 20:14:40.582 MST INFO: *** SYSTEM START ***
2014.12.10 20:15:39.970 MST INFO: *** SYSTEM START ***
2014.12.10 20:16:27.471 MST INFO: *** SYSTEM START ***
2014.12.10 20:17:08.178 MST INFO: *** SYSTEM START ***
2014.12.12 11:01:50.889 MST INFO: *** SYSTEM START ***
2014.12.12 11:02:17.470 MST INFO: *** SYSTEM START ***
2014.12.12 11:02:26.769 MST SEVERE: Unable to load project from: file:/home/user/Documents/NLP/opendmap_1-1-1/data/test/test-configuration-files/language/generif_doesnotexist.pprj -- Project.getProjectInstancesReader()
2014.12.12 11:02:35.837 MST INFO: *** SYSTEM START ***
2014.12.12 11:02:55.315 MST INFO: *** SYSTEM START ***
2014.12.12 11:03:15.444 MST INFO: *** SYSTEM START ***
2014.12.12 11:03:22.202 MST INFO: *** SYSTEM START ***
2014.12.12 11:15:49.428 MST INFO: *** SYSTEM START ***
2014.12.12 11:17:29.466 MST INFO: *** SYSTEM START ***
2014.12.12 11:18:31.506 MST SEVERE: Unable to load project from: file:/home/user/Documents/NLP/opendmap_1-1-1/data/test/test-configuration-files/language/generif_doesnotexist.pprj -- Project.getProjectInstancesReader()
2014.12.12 11:18:58.208 MST INFO: *** SYSTEM START ***
2014.12.12 11:19:34.989 MST INFO: *** SYSTEM START ***
2014.12.12 11:20:27.864 MST INFO: *** SYSTEM START ***
2014.12.12 11:21:32.597 MST INFO: *** SYSTEM START ***
2014.12.12 11:37:15.299 MST INFO: *** SYSTEM START ***
2014.12.12 11:38:38.263 MST INFO: *** SYSTEM START ***
2014.12.12 11:38:54.878 MST SEVERE: Unable to load project from: file:/home/user/Documents/NLP/opendmap_1-1-1/data/test/test-configuration-files/language/generif_doesnotexist.pprj -- Project.getProjectInstancesReader()
2014.12.12 11:39:01.426 MST INFO: *** SYSTEM START ***
2014.12.12 11:39:45.888 MST INFO: *** SYSTEM START ***
2014.12.12 11:39:57.050 MST INFO: *** SYSTEM START ***
2014.12.12 11:40:04.310 MST INFO: *** SYSTEM START ***
2014.12.12 11:51:23.086 MST INFO: *** SYSTEM START ***
2014.12.12 11:52:41.865 MST INFO: *** SYSTEM START ***
2014.12.12 11:53:42.277 MST SEVERE: Unable to load project from: file:/home/user/Documents/NLP/opendmap_1-1-1/data/test/test-configuration-files/language/generif_doesnotexist.pprj -- Project.getProjectInstancesReader()
2014.12.12 11:54:28.483 MST INFO: *** SYSTEM START ***
2014.12.12 11:55:37.649 MST INFO: *** SYSTEM START ***
2014.12.12 11:56:32.911 MST INFO: *** SYSTEM START ***
2014.12.12 11:57:03.704 MST INFO: *** SYSTEM START ***
2014.12.12 12:36:40.083 MST INFO: *** SYSTEM START ***
2014.12.12 12:37:17.864 MST INFO: *** SYSTEM START ***
2014.12.12 12:37:43.424 MST SEVERE: Unable to load project from: file:/home/user/Documents/NLP/opendmap_1-1-1/data/test/test-configuration-files/language/generif_doesnotexist.pprj -- Project.getProjectInstancesReader()
2014.12.12 12:37:56.097 MST INFO: *** SYSTEM START ***
2014.12.12 12:38:08.237 MST INFO: *** SYSTEM START ***
2014.12.12 12:38:22.423 MST INFO: *** SYSTEM START ***
2014.12.12 12:38:29.656 MST INFO: *** SYSTEM START ***
2014.12.12 12:50:41.896 MST INFO: *** SYSTEM START ***
2014.12.12 12:50:51.957 MST INFO: *** SYSTEM START ***
2014.12.12 12:50:57.286 MST SEVERE: Unable to load project from: file:/home/user/Documents/NLP/opendmap_1-1-1/data/test/test-configuration-files/language/generif_doesnotexist.pprj -- Project.getProjectInstancesReader()
2014.12.12 12:51:05.636 MST INFO: *** SYSTEM START ***
2014.12.12 12:51:19.271 MST INFO: *** SYSTEM START ***
2014.12.12 12:51:28.603 MST INFO: *** SYSTEM START ***
2014.12.12 12:51:35.541 MST INFO: *** SYSTEM START ***
2014.12.12 13:02:06.241 MST INFO: *** SYSTEM START ***
2014.12.12 13:02:23.670 MST INFO: *** SYSTEM START ***
2014.12.12 13:02:49.915 MST SEVERE: Unable to load project from: file:/home/user/Documents/NLP/opendmap_1-1-1/data/test/test-configuration-files/language/generif_doesnotexist.pprj -- Project.getProjectInstancesReader()
2014.12.12 13:03:16.345 MST INFO: *** SYSTEM START ***
2014.12.12 13:04:03.176 MST INFO: *** SYSTEM START ***
2014.12.12 13:04:39.441 MST INFO: *** SYSTEM START ***
2014.12.12 13:05:07.222 MST INFO: *** SYSTEM START ***
2014.12.12 13:09:07.108 MST INFO: *** SYSTEM START ***
2014.12.12 13:09:15.932 MST INFO: *** SYSTEM START ***
2014.12.12 13:09:20.822 MST SEVERE: Unable to load project from: file:/home/user/Documents/NLP/opendmap_1-1-1/data/test/test-configuration-files/language/generif_doesnotexist.pprj -- Project.getProjectInstancesReader()
2014.12.12 13:09:43.475 MST INFO: *** SYSTEM START ***
2014.12.12 13:10:30.365 MST INFO: *** SYSTEM START ***
2014.12.12 13:11:07.226 MST INFO: *** SYSTEM START ***
2014.12.12 13:11:36.018 MST INFO: *** SYSTEM START ***
2014.12.12 13:14:35.049 MST INFO: *** SYSTEM START ***
2014.12.12 13:14:44.511 MST INFO: *** SYSTEM START ***
2014.12.12 13:14:49.556 MST SEVERE: Unable to load project from: file:/home/user/Documents/NLP/opendmap_1-1-1/data/test/test-configuration-files/language/generif_doesnotexist.pprj -- Project.getProjectInstancesReader()
2014.12.12 13:14:56.104 MST INFO: *** SYSTEM START ***
2014.12.12 13:15:08.186 MST INFO: *** SYSTEM START ***
2014.12.12 13:15:22.629 MST INFO: *** SYSTEM START ***
2014.12.12 13:15:29.769 MST INFO: *** SYSTEM START ***
2014.12.12 13:17:25.221 MST INFO: *** SYSTEM START ***
2014.12.12 13:17:35.532 MST INFO: *** SYSTEM START ***
2014.12.12 13:17:41.696 MST SEVERE: Unable to load project from: file:/home/user/Documents/NLP/opendmap_1-1-1/data/test/test-configuration-files/language/generif_doesnotexist.pprj -- Project.getProjectInstancesReader()
2014.12.12 13:17:47.084 MST INFO: *** SYSTEM START ***
2014.12.12 13:18:54.816 MST INFO: *** SYSTEM START ***
2014.12.12 13:19:05.130 MST INFO: *** SYSTEM START ***
2014.12.12 13:19:10.115 MST SEVERE: Unable to load project from: file:/home/user/Documents/NLP/opendmap_1-1-1/data/test/test-configuration-files/language/generif_doesnotexist.pprj -- Project.getProjectInstancesReader()
2014.12.12 13:19:16.631 MST INFO: *** SYSTEM START ***
2014.12.12 13:19:29.564 MST INFO: *** SYSTEM START ***
2014.12.12 13:19:39.226 MST INFO: *** SYSTEM START ***
2014.12.12 13:19:51.809 MST INFO: *** SYSTEM START ***
2014.12.12 13:22:17.772 MST INFO: *** SYSTEM START ***
2014.12.12 13:22:56.941 MST INFO: *** SYSTEM START ***
2014.12.12 13:23:17.274 MST SEVERE: Unable to load project from: file:/home/user/Documents/NLP/opendmap_1-1-1/data/test/test-configuration-files/language/generif_doesnotexist.pprj -- Project.getProjectInstancesReader()
2014.12.12 13:23:44.481 MST INFO: *** SYSTEM START ***
2014.12.12 13:24:32.917 MST INFO: *** SYSTEM START ***
2014.12.12 13:25:10.232 MST INFO: *** SYSTEM START ***
2014.12.12 13:25:38.673 MST INFO: *** SYSTEM START ***
2014.12.12 13:28:17.157 MST INFO: *** SYSTEM START ***
2014.12.12 13:28:41.632 MST INFO: *** SYSTEM START ***
2014.12.12 13:28:50.396 MST SEVERE: Unable to load project from: file:/home/user/Documents/NLP/opendmap_1-1-1/data/test/test-configuration-files/language/generif_doesnotexist.pprj -- Project.getProjectInstancesReader()
2014.12.12 13:28:55.582 MST INFO: *** SYSTEM START ***
2014.12.12 13:29:07.523 MST INFO: *** SYSTEM START ***
2014.12.12 13:29:22.528 MST INFO: *** SYSTEM START ***
2014.12.12 13:29:50.425 MST INFO: *** SYSTEM START ***
2014.12.12 14:56:33.975 MST INFO: *** SYSTEM START ***
2014.12.12 14:57:12.370 MST INFO: *** SYSTEM START ***
2014.12.12 14:57:35.500 MST SEVERE: Unable to load project from: file:/home/user/Documents/NLP/opendmap_1-1-1/data/test/test-configuration-files/language/generif_doesnotexist.pprj -- Project.getProjectInstancesReader()
2014.12.12 14:58:02.952 MST INFO: *** SYSTEM START ***
2014.12.12 14:58:52.075 MST INFO: *** SYSTEM START ***
2014.12.12 14:59:29.450 MST INFO: *** SYSTEM START ***
2014.12.12 14:59:58.049 MST INFO: *** SYSTEM START ***
2014.12.13 12:11:22.708 MST INFO: *** SYSTEM START ***
2014.12.13 12:12:03.987 MST INFO: *** SYSTEM START ***
2014.12.13 12:12:09.672 MST SEVERE: Unable to load project from: file:/home/user/Documents/NLP/opendmap_1-1-1/data/test/test-configuration-files/language/generif_doesnotexist.pprj -- Project.getProjectInstancesReader()
2014.12.13 12:12:16.638 MST INFO: *** SYSTEM START ***
2014.12.13 12:13:17.447 MST INFO: *** SYSTEM START ***
2014.12.13 12:14:06.950 MST INFO: *** SYSTEM START ***
2014.12.13 12:14:43.164 MST INFO: *** SYSTEM START ***
2014.12.13 12:51:42.239 MST INFO: *** SYSTEM START ***
2014.12.13 12:52:23.189 MST INFO: *** SYSTEM START ***
2014.12.13 12:52:45.399 MST SEVERE: Unable to load project from: file:/home/user/Documents/NLP/opendmap_1-1-1/data/test/test-configuration-files/language/generif_doesnotexist.pprj -- Project.getProjectInstancesReader()
2014.12.13 12:53:15.619 MST INFO: *** SYSTEM START ***
2014.12.13 12:54:08.782 MST INFO: *** SYSTEM START ***
2014.12.13 12:54:48.977 MST INFO: *** SYSTEM START ***
2014.12.13 12:55:19.787 MST INFO: *** SYSTEM START ***
2014.12.13 13:03:57.638 MST INFO: *** SYSTEM START ***
2014.12.13 13:04:06.501 MST INFO: *** SYSTEM START ***
2014.12.13 13:04:13.259 MST SEVERE: Unable to load project from: file:/home/user/Documents/NLP/opendmap_1-1-1/data/test/test-configuration-files/language/generif_doesnotexist.pprj -- Project.getProjectInstancesReader()
2014.12.13 13:04:35.707 MST INFO: *** SYSTEM START ***
2014.12.13 13:04:48.055 MST INFO: *** SYSTEM START ***
2014.12.13 13:04:57.113 MST INFO: *** SYSTEM START ***
2014.12.13 13:05:19.130 MST INFO: *** SYSTEM START ***
2014.12.13 13:23:36.948 MST INFO: *** SYSTEM START ***
2014.12.13 13:24:19.334 MST INFO: *** SYSTEM START ***
2014.12.13 13:24:41.708 MST SEVERE: Unable to load project from: file:/home/user/Documents/NLP/opendmap_1-1-1/data/test/test-configuration-files/language/generif_doesnotexist.pprj -- Project.getProjectInstancesReader()
2014.12.13 13:25:11.526 MST INFO: *** SYSTEM START ***
2014.12.13 13:26:04.956 MST INFO: *** SYSTEM START ***
2014.12.13 13:26:45.826 MST INFO: *** SYSTEM START ***
2014.12.13 13:27:16.622 MST INFO: *** SYSTEM START ***
2014.12.13 13:51:58.609 MST INFO: *** SYSTEM START ***
2014.12.13 13:52:40.275 MST INFO: *** SYSTEM START ***
2014.12.13 13:53:03.142 MST SEVERE: Unable to load project from: file:/home/user/Documents/NLP/opendmap_1-1-1/data/test/test-configuration-files/language/generif_doesnotexist.pprj -- Project.getProjectInstancesReader()
2014.12.13 13:53:30.504 MST INFO: *** SYSTEM START ***
2014.12.13 13:54:21.084 MST INFO: *** SYSTEM START ***
2014.12.13 13:55:00.005 MST INFO: *** SYSTEM START ***
2014.12.13 13:55:29.338 MST INFO: *** SYSTEM START ***
2014.12.13 14:00:46.388 MST INFO: *** SYSTEM START ***
2014.12.13 14:00:56.872 MST INFO: *** SYSTEM START ***
2014.12.13 14:01:03.822 MST SEVERE: Unable to load project from: file:/home/user/Documents/NLP/opendmap_1-1-1/data/test/test-configuration-files/language/generif_doesnotexist.pprj -- Project.getProjectInstancesReader()
2014.12.13 14:01:38.386 MST INFO: *** SYSTEM START ***
2014.12.13 14:02:38.573 MST INFO: *** SYSTEM START ***
2014.12.13 14:03:07.289 MST INFO: *** SYSTEM START ***
2014.12.13 14:03:14.449 MST INFO: *** SYSTEM START ***
2014.12.13 14:09:48.683 MST INFO: *** SYSTEM START ***
2014.12.13 14:10:30.925 MST INFO: *** SYSTEM START ***
2014.12.13 14:10:58.816 MST SEVERE: Unable to load project from: file:/home/user/Documents/NLP/opendmap_1-1-1/data/test/test-configuration-files/language/generif_doesnotexist.pprj -- Project.getProjectInstancesReader()
2014.12.13 14:11:22.796 MST INFO: *** SYSTEM START ***
2014.12.13 14:12:15.583 MST INFO: *** SYSTEM START ***
2014.12.13 14:12:58.112 MST INFO: *** SYSTEM START ***
2014.12.13 14:13:29.570 MST INFO: *** SYSTEM START ***
2014.12.13 14:16:46.783 MST INFO: *** SYSTEM START ***
2014.12.13 14:16:57.309 MST INFO: *** SYSTEM START ***
2014.12.13 14:17:03.101 MST SEVERE: Unable to load project from: file:/home/user/Documents/NLP/opendmap_1-1-1/data/test/test-configuration-files/language/generif_doesnotexist.pprj -- Project.getProjectInstancesReader()
2014.12.13 14:17:09.951 MST INFO: *** SYSTEM START ***
2014.12.13 14:17:23.929 MST INFO: *** SYSTEM START ***
2014.12.13 14:17:33.908 MST INFO: *** SYSTEM START ***
2014.12.13 14:17:40.632 MST INFO: *** SYSTEM START ***
2014.12.13 14:35:31.336 MST INFO: *** SYSTEM START ***
2014.12.13 14:35:42.375 MST INFO: *** SYSTEM START ***
2014.12.13 14:35:48.453 MST SEVERE: Unable to load project from: file:/home/user/Documents/NLP/opendmap_1-1-1/data/test/test-configuration-files/language/generif_doesnotexist.pprj -- Project.getProjectInstancesReader()
2014.12.13 14:35:56.098 MST INFO: *** SYSTEM START ***
2014.12.13 14:36:10.091 MST INFO: *** SYSTEM START ***
2014.12.13 14:36:20.753 MST INFO: *** SYSTEM START ***
2014.12.13 14:36:28.054 MST INFO: *** SYSTEM START ***
2014.12.14 12:25:43.552 MST INFO: *** SYSTEM START ***
2014.12.14 12:25:52.485 MST INFO: *** SYSTEM START ***
2014.12.14 12:25:57.201 MST SEVERE: Unable to load project from: file:/home/user/Documents/NLP/opendmap_1-1-1/data/test/test-configuration-files/language/generif_doesnotexist.pprj -- Project.getProjectInstancesReader()
2014.12.14 12:26:04.958 MST INFO: *** SYSTEM START ***
2014.12.14 12:26:45.100 MST INFO: *** SYSTEM START ***
2014.12.14 12:27:05.100 MST INFO: *** SYSTEM START ***
2014.12.14 12:27:12.625 MST INFO: *** SYSTEM START ***
2014.12.14 12:55:09.433 MST INFO: *** SYSTEM START ***
2014.12.14 12:55:58.230 MST INFO: *** SYSTEM START ***
2014.12.14 12:56:32.844 MST SEVERE: Unable to load project from: file:/home/user/Documents/NLP/opendmap_1-1-1/data/test/test-configuration-files/language/generif_doesnotexist.pprj -- Project.getProjectInstancesReader()
2014.12.14 12:57:00.528 MST INFO: *** SYSTEM START ***
2014.12.14 12:57:52.052 MST INFO: *** SYSTEM START ***
2014.12.14 12:58:30.456 MST INFO: *** SYSTEM START ***
2014.12.14 12:58:59.278 MST INFO: *** SYSTEM START ***
2014.12.14 14:04:40.653 MST INFO: *** SYSTEM START ***
2014.12.14 14:05:35.195 MST INFO: *** SYSTEM START ***
2014.12.14 14:06:05.528 MST SEVERE: Unable to load project from: file:/home/user/Documents/NLP/opendmap_1-1-1/data/test/test-configuration-files/language/generif_doesnotexist.pprj -- Project.getProjectInstancesReader()
2014.12.14 14:06:44.085 MST INFO: *** SYSTEM START ***
2014.12.14 14:07:51.045 MST INFO: *** SYSTEM START ***
2014.12.14 14:08:34.139 MST INFO: *** SYSTEM START ***
2014.12.14 14:09:05.986 MST INFO: *** SYSTEM START ***
2014.12.14 14:17:51.993 MST INFO: *** SYSTEM START ***
2014.12.14 14:18:32.680 MST INFO: *** SYSTEM START ***
2014.12.14 14:18:54.114 MST SEVERE: Unable to load project from: file:/home/user/Documents/NLP/opendmap_1-1-1/data/test/test-configuration-files/language/generif_doesnotexist.pprj -- Project.getProjectInstancesReader()
2014.12.14 14:19:22.506 MST INFO: *** SYSTEM START ***
2014.12.14 14:20:12.878 MST INFO: *** SYSTEM START ***
2014.12.14 14:20:52.373 MST INFO: *** SYSTEM START ***
2014.12.14 14:21:22.761 MST INFO: *** SYSTEM START ***
2014.12.14 14:26:07.032 MST INFO: *** SYSTEM START ***
2014.12.14 14:26:46.798 MST INFO: *** SYSTEM START ***
2014.12.14 14:27:14.956 MST SEVERE: Unable to load project from: file:/home/user/Documents/NLP/opendmap_1-1-1/data/test/test-configuration-files/language/generif_doesnotexist.pprj -- Project.getProjectInstancesReader()
2014.12.14 14:27:36.664 MST INFO: *** SYSTEM START ***
2014.12.14 14:28:25.547 MST INFO: *** SYSTEM START ***
2014.12.14 14:29:04.333 MST INFO: *** SYSTEM START ***
2014.12.14 14:29:33.361 MST INFO: *** SYSTEM START ***
2014.12.14 14:46:49.749 MST INFO: *** SYSTEM START ***
2014.12.14 14:46:58.839 MST INFO: *** SYSTEM START ***
2014.12.14 14:47:09.351 MST SEVERE: Unable to load project from: file:/home/user/Documents/NLP/opendmap_1-1-1/data/test/test-configuration-files/language/generif_doesnotexist.pprj -- Project.getProjectInstancesReader()
2014.12.14 14:47:28.680 MST INFO: *** SYSTEM START ***
2014.12.14 14:47:42.522 MST INFO: *** SYSTEM START ***
2014.12.14 14:47:53.462 MST INFO: *** SYSTEM START ***
2014.12.14 14:48:03.384 MST INFO: *** SYSTEM START ***
2014.12.14 14:50:34.750 MST INFO: *** SYSTEM START ***
2014.12.14 14:50:59.628 MST INFO: *** SYSTEM START ***
2014.12.14 14:51:21.668 MST SEVERE: Unable to load project from: file:/home/user/Documents/NLP/opendmap_1-1-1/data/test/test-configuration-files/language/generif_doesnotexist.pprj -- Project.getProjectInstancesReader()
2014.12.14 14:51:49.971 MST INFO: *** SYSTEM START ***
2014.12.14 14:52:45.830 MST INFO: *** SYSTEM START ***
2014.12.14 14:52:56.736 MST INFO: *** SYSTEM START ***
2014.12.14 14:53:04.166 MST INFO: *** SYSTEM START ***
2014.12.14 15:01:02.992 MST INFO: *** SYSTEM START ***
2014.12.14 15:01:44.078 MST INFO: *** SYSTEM START ***
2014.12.14 15:02:13.033 MST SEVERE: Unable to load project from: file:/home/user/Documents/NLP/opendmap_1-1-1/data/test/test-configuration-files/language/generif_doesnotexist.pprj -- Project.getProjectInstancesReader()
2014.12.14 15:02:36.148 MST INFO: *** SYSTEM START ***
2014.12.14 15:03:27.185 MST INFO: *** SYSTEM START ***
2014.12.14 15:04:07.824 MST INFO: *** SYSTEM START ***
2014.12.14 15:04:38.739 MST INFO: *** SYSTEM START ***
2014.12.14 15:12:17.213 MST INFO: *** SYSTEM START ***
2014.12.14 15:12:58.598 MST INFO: *** SYSTEM START ***
2014.12.14 15:13:20.970 MST SEVERE: Unable to load project from: file:/home/user/Documents/NLP/opendmap_1-1-1/data/test/test-configuration-files/language/generif_doesnotexist.pprj -- Project.getProjectInstancesReader()
2014.12.14 15:13:48.787 MST INFO: *** SYSTEM START ***
2014.12.14 15:14:40.479 MST INFO: *** SYSTEM START ***
2014.12.14 15:15:21.649 MST INFO: *** SYSTEM START ***
2014.12.14 15:15:52.883 MST INFO: *** SYSTEM START ***
2014.12.14 15:19:13.069 MST INFO: *** SYSTEM START ***
2014.12.14 15:19:53.540 MST INFO: *** SYSTEM START ***
2014.12.14 15:20:16.113 MST SEVERE: Unable to load project from: file:/home/user/Documents/NLP/opendmap_1-1-1/data/test/test-configuration-files/language/generif_doesnotexist.pprj -- Project.getProjectInstancesReader()
2014.12.14 15:20:45.242 MST INFO: *** SYSTEM START ***
2014.12.14 15:21:22.780 MST INFO: *** SYSTEM START ***
2014.12.14 15:21:31.651 MST INFO: *** SYSTEM START ***
2014.12.14 15:21:51.785 MST INFO: *** SYSTEM START ***
2014.12.14 15:28:11.215 MST INFO: *** SYSTEM START ***
2014.12.14 15:28:20.838 MST INFO: *** SYSTEM START ***
2014.12.14 15:28:30.449 MST SEVERE: Unable to load project from: file:/home/user/Documents/NLP/opendmap_1-1-1/data/test/test-configuration-files/language/generif_doesnotexist.pprj -- Project.getProjectInstancesReader()
2014.12.14 15:29:03.390 MST INFO: *** SYSTEM START ***
2014.12.14 15:29:56.348 MST INFO: *** SYSTEM START ***
2014.12.14 15:30:36.138 MST INFO: *** SYSTEM START ***
2014.12.14 15:31:08.025 MST INFO: *** SYSTEM START ***
2014.12.16 12:05:32.297 MST INFO: *** SYSTEM START ***
2014.12.16 12:06:11.960 MST INFO: *** SYSTEM START ***
2014.12.16 12:06:32.888 MST SEVERE: Unable to load project from: file:/home/user/Documents/NLP/opendmap_1-1-1/data/test/test-configuration-files/language/generif_doesnotexist.pprj -- Project.getProjectInstancesReader()
2014.12.16 12:07:00.497 MST INFO: *** SYSTEM START ***
2014.12.16 12:07:49.739 MST INFO: *** SYSTEM START ***
2014.12.16 12:08:29.158 MST INFO: *** SYSTEM START ***
2014.12.16 12:08:57.182 MST INFO: *** SYSTEM START ***
2014.12.16 12:21:42.336 MST INFO: *** SYSTEM START ***
2014.12.16 12:22:21.836 MST INFO: *** SYSTEM START ***
2014.12.16 12:22:43.267 MST SEVERE: Unable to load project from: file:/home/user/Documents/NLP/opendmap_1-1-1/data/test/test-configuration-files/language/generif_doesnotexist.pprj -- Project.getProjectInstancesReader()
2014.12.16 12:23:11.668 MST INFO: *** SYSTEM START ***
2014.12.16 12:24:00.666 MST INFO: *** SYSTEM START ***
2014.12.16 12:24:38.889 MST INFO: *** SYSTEM START ***
2014.12.16 12:25:07.771 MST INFO: *** SYSTEM START ***
2014.12.16 12:29:58.697 MST INFO: *** SYSTEM START ***
2014.12.16 12:30:37.433 MST INFO: *** SYSTEM START ***
2014.12.16 12:30:58.507 MST SEVERE: Unable to load project from: file:/home/user/Documents/NLP/opendmap_1-1-1/data/test/test-configuration-files/language/generif_doesnotexist.pprj -- Project.getProjectInstancesReader()
2014.12.16 12:31:25.890 MST INFO: *** SYSTEM START ***
2014.12.16 12:32:14.031 MST INFO: *** SYSTEM START ***
2014.12.16 12:32:50.969 MST INFO: *** SYSTEM START ***
2014.12.16 12:33:19.182 MST INFO: *** SYSTEM START ***
2014.12.16 12:53:11.099 MST INFO: *** SYSTEM START ***
2014.12.16 12:53:49.796 MST INFO: *** SYSTEM START ***
2014.12.16 12:54:10.670 MST SEVERE: Unable to load project from: file:/home/user/Documents/NLP/opendmap_1-1-1/data/test/test-configuration-files/language/generif_doesnotexist.pprj -- Project.getProjectInstancesReader()
2014.12.16 12:54:40.264 MST INFO: *** SYSTEM START ***
2014.12.16 12:55:29.465 MST INFO: *** SYSTEM START ***
2014.12.16 12:56:07.514 MST INFO: *** SYSTEM START ***
2014.12.16 12:56:36.049 MST INFO: *** SYSTEM START ***
2014.12.16 13:23:47.982 MST INFO: *** SYSTEM START ***
2014.12.16 13:24:26.992 MST INFO: *** SYSTEM START ***
2014.12.16 13:24:54.410 MST SEVERE: Unable to load project from: file:/home/user/Documents/NLP/opendmap_1-1-1/data/test/test-configuration-files/language/generif_doesnotexist.pprj -- Project.getProjectInstancesReader()
2014.12.16 13:25:16.636 MST INFO: *** SYSTEM START ***
2014.12.16 13:26:04.191 MST INFO: *** SYSTEM START ***
2014.12.16 13:26:42.529 MST INFO: *** SYSTEM START ***
2014.12.16 13:27:11.403 MST INFO: *** SYSTEM START ***
2014.12.16 13:32:33.912 MST INFO: *** SYSTEM START ***
2014.12.16 13:33:11.731 MST INFO: *** SYSTEM START ***
2014.12.16 13:33:34.499 MST SEVERE: Unable to load project from: file:/home/user/Documents/NLP/opendmap_1-1-1/data/test/test-configuration-files/language/generif_doesnotexist.pprj -- Project.getProjectInstancesReader()
2014.12.16 13:34:01.598 MST INFO: *** SYSTEM START ***
2014.12.16 13:34:51.549 MST INFO: *** SYSTEM START ***
2014.12.16 13:35:29.202 MST INFO: *** SYSTEM START ***
2014.12.16 13:35:57.865 MST INFO: *** SYSTEM START ***
2014.12.16 13:41:26.918 MST INFO: *** SYSTEM START ***
2014.12.16 13:42:05.398 MST INFO: *** SYSTEM START ***
2014.12.16 13:42:31.800 MST SEVERE: Unable to load project from: file:/home/user/Documents/NLP/opendmap_1-1-1/data/test/test-configuration-files/language/generif_doesnotexist.pprj -- Project.getProjectInstancesReader()
2014.12.16 13:42:53.698 MST INFO: *** SYSTEM START ***
2014.12.16 13:43:43.455 MST INFO: *** SYSTEM START ***
2014.12.16 13:44:21.761 MST INFO: *** SYSTEM START ***
2014.12.16 13:44:50.580 MST INFO: *** SYSTEM START ***
